PIC8259 Initialized and Remaped
PIT initialized!
IDT initialized
p4_table is at addr: 0x0000000000104000
p3_table is at addr: 0x0000000000105000
p2_table is at addr: 0x0000000000106000
multiboot_info_size is 0x00000450
found mbtag: 0x00000001
found mbtag: 0x00000002
found mbtag: 0x0000000A
found mbtag: 0x00000006
found mmap multiboot tag
addr: 0x0000000000000000, size: 0x000000000009FC00, type: MEMORY_AVAILABLE
addr: 0x000000000009FC00, size: 0x0000000000000400, type: MEMORY_ACPI_RECLAIMABLE
addr: 0x00000000000F0000, size: 0x0000000000010000, type: MEMORY_ACPI_RECLAIMABLE
addr: 0x0000000000100000, size: 0x00000000BFEE0000, type: MEMORY_AVAILABLE
addr: 0x00000000BFFE0000, size: 0x0000000000020000, type: MEMORY_ACPI_RECLAIMABLE
addr: 0x00000000FFFC0000, size: 0x0000000000040000, type: MEMORY_ACPI_RECLAIMABLE
addr: 0x0000000100000000, size: 0x0000000040000000, type: MEMORY_AVAILABLE
found mbtag: 0x00000009
found mbtag: 0x00000004
found mbtag: 0x00000005
found mbtag: 0x00000008
found mbtag: 0x0000000E
found acpi old data.  rsp address is 0x0000000000110AC8
rsdp is valid, rsdt physical address: 0xBFFE1737
[kmem] page was allocated at physical_address 0x00000000BFE00000 to map to virtual address 0x0000000000200000, the offset from the actual requested physical_addresss(0x00000000BFFE1737) is 0x00000000001E1737, the page table entry is 0x0000000000000000
parsed root_system_descriptor
